<?xml version="1.0" encoding="UTF-8"?>
<!-- Generated by org.testng.reporters.JUnitReportReporter -->
<testsuite hostname="MacBook-Pro.local" failures="0" tests="3" name="com.testingshastra.annotations.C" time="0.008" errors="0" timestamp="2024-09-28T16:33:56 IST" skipped="0">
  <testcase classname="com.testingshastra.annotations.C" name="c3" time="0.003"/>
  <system-out/>
  <testcase classname="com.testingshastra.annotations.C" name="c1" time="0.002"/>
  <system-out/>
  <testcase classname="com.testingshastra.annotations.C" name="c4" time="0.003"/>
  <system-out/>
</testsuite> <!-- com.testingshastra.annotations.C -->
