<?xml version="1.0" encoding="UTF-8"?>
<!-- Generated by org.testng.reporters.JUnitReportReporter -->
<testsuite hostname="MacBook-Pro.local" failures="0" tests="2" name="com.testingshastra.TestCases" time="0.013" errors="0" timestamp="2024-09-22T17:17:02 IST" skipped="0">
  <testcase classname="com.testingshastra.TestCases" name="firstTestCase" time="0.011"/>
  <system-out/>
  <testcase classname="com.testingshastra.TestCases" name="secondTestCase" time="0.002"/>
  <system-out/>
</testsuite> <!-- com.testingshastra.TestCases -->
