<?xml version="1.0" encoding="UTF-8"?>
<!-- Generated by org.testng.reporters.JUnitReportReporter -->
<testsuite hostname="MacBook-Pro.local" failures="0" tests="4" name="com.testngdemo.testannotation.ParametersOfTest" time="0.020" errors="0" timestamp="2024-10-05T16:19:44 IST" skipped="0">
  <testcase classname="com.testngdemo.testannotation.ParametersOfTest" name="m1" time="0.003"/>
  <system-out/>
  <testcase classname="com.testngdemo.testannotation.ParametersOfTest" name="m4" time="0.012"/>
  <system-out/>
  <testcase classname="com.testngdemo.testannotation.ParametersOfTest" name="m2" time="0.002"/>
  <system-out/>
  <testcase classname="com.testngdemo.testannotation.ParametersOfTest" name="m3" time="0.003"/>
  <system-out/>
</testsuite> <!-- com.testngdemo.testannotation.ParametersOfTest -->
