<?xml version="1.0" encoding="UTF-8"?>
<!-- Generated by org.testng.reporters.JUnitReportReporter -->
<testsuite hostname="MacBook-Pro.local" failures="0" tests="2" name="com.testingshastra.annotations.D" time="0.006" errors="0" timestamp="2024-09-28T16:33:56 IST" skipped="0">
  <testcase classname="com.testingshastra.annotations.D" name="d1" time="0.003"/>
  <system-out/>
  <testcase classname="com.testingshastra.annotations.D" name="cd" time="0.003"/>
  <system-out/>
</testsuite> <!-- com.testingshastra.annotations.D -->
