<?xml version="1.0" encoding="UTF-8"?>
<!-- Generated by org.testng.reporters.JUnitReportReporter -->
<testsuite hostname="MacBook-Pro.local" failures="0" tests="1" name="com.testingshastra.annotations.B" time="0.013" errors="0" timestamp="2024-09-28T16:33:56 IST" skipped="0">
  <testcase classname="com.testingshastra.annotations.B" name="b1" time="0.013"/>
  <system-out/>
</testsuite> <!-- com.testingshastra.annotations.B -->
