<?xml version="1.0" encoding="UTF-8"?>
<!-- Generated by org.testng.reporters.JUnitReportReporter -->
<testsuite hostname="MacBook-Pro.local" failures="0" tests="1" name="com.testingshastra.asserts.TestCases" time="45.081" errors="0" timestamp="2024-09-28T17:42:07 IST" skipped="0">
  <testcase classname="com.testingshastra.asserts.TestCases" name="verifyProductListWhenBrandFilterIsApplied" time="45.081"/>
  <system-out/>
</testsuite> <!-- com.testingshastra.asserts.TestCases -->
